<?xml version="1.0" encoding="UTF-8"?>
<testng-results ignored="0" total="2" passed="1" failed="1" skipped="0">
  <reporter-output>
  </reporter-output>
  <suite started-at="2024-06-20T16:09:54Z" name="Default suite" finished-at="2024-06-20T16:09:56Z" duration-ms="2133">
    <groups>
    </groups>
    <test started-at="2024-06-20T16:09:54Z" name="Default test" finished-at="2024-06-20T16:09:56Z" duration-ms="2133">
      <class name="sanitySuite.TestCase_2_Special_Characters_Input_Handling">
        <test-method signature="open_url()[pri:1, instance:sanitySuite.TestCase_2_Special_Characters_Input_Handling@5ca1f591]" started-at="2024-06-20T12:09:54Z" name="open_url" description="Open Google Search URL" finished-at="2024-06-20T12:09:56Z" duration-ms="1976" status="FAIL">
          <exception class="java.lang.AssertionError">
            <message>
              <![CDATA[null]]>
            </message>
            <full-stacktrace>
              <![CDATA[java.lang.AssertionError: null
	at org.testng.Assert.fail(Assert.java:93)
	at org.testng.Assert.fail(Assert.java:100)
	at base.TestBase.assertStrings(TestBase.java:244)
	at sanitySuite.TestCase_2_Special_Characters_Input_Handling.open_url(TestCase_2_Special_Characters_Input_Handling.java:26)
	at java.base/jdk.internal.reflect.NativeMethodAccessorImpl.invoke0(Native Method)
	at java.base/jdk.internal.reflect.NativeMethodAccessorImpl.invoke(NativeMethodAccessorImpl.java:62)
	at java.base/jdk.internal.reflect.DelegatingMethodAccessorImpl.invoke(DelegatingMethodAccessorImpl.java:43)
	at java.base/java.lang.reflect.Method.invoke(Method.java:566)
	at org.testng.internal.MethodInvocationHelper.invokeMethod(MethodInvocationHelper.java:108)
	at org.testng.internal.Invoker.invokeMethod(Invoker.java:661)
	at org.testng.internal.Invoker.invokeTestMethod(Invoker.java:869)
	at org.testng.internal.Invoker.invokeTestMethods(Invoker.java:1193)
	at org.testng.internal.TestMethodWorker.invokeTestMethods(TestMethodWorker.java:126)
	at org.testng.internal.TestMethodWorker.run(TestMethodWorker.java:109)
	at org.testng.TestRunner.privateRun(TestRunner.java:744)
	at org.testng.TestRunner.run(TestRunner.java:602)
	at org.testng.SuiteRunner.runTest(SuiteRunner.java:380)
	at org.testng.SuiteRunner.runSequentially(SuiteRunner.java:375)
	at org.testng.SuiteRunner.privateRun(SuiteRunner.java:340)
	at org.testng.SuiteRunner.run(SuiteRunner.java:289)
	at org.testng.SuiteRunnerWorker.runSuite(SuiteRunnerWorker.java:52)
	at org.testng.SuiteRunnerWorker.run(SuiteRunnerWorker.java:86)
	at org.testng.TestNG.runSuitesSequentially(TestNG.java:1301)
	at org.testng.TestNG.runSuitesLocally(TestNG.java:1226)
	at org.testng.TestNG.runSuites(TestNG.java:1144)
	at org.testng.TestNG.run(TestNG.java:1115)
	at org.testng.remote.AbstractRemoteTestNG.run(AbstractRemoteTestNG.java:115)
	at org.testng.remote.RemoteTestNG.initAndRun(RemoteTestNG.java:293)
	at org.testng.remote.RemoteTestNG.main(RemoteTestNG.java:91)
]]>
            </full-stacktrace>
          </exception> <!-- java.lang.AssertionError -->
          <reporter-output>
          </reporter-output>
        </test-method> <!-- open_url -->
        <test-method signature="click_first_search_option()[pri:2, instance:sanitySuite.TestCase_2_Special_Characters_Input_Handling@5ca1f591]" started-at="2024-06-20T12:09:56Z" name="click_first_search_option" description="Click on first search option" finished-at="2024-06-20T12:09:56Z" duration-ms="117" status="PASS">
          <reporter-output>
          </reporter-output>
        </test-method> <!-- click_first_search_option -->
        <test-method is-config="true" signature="tearDown()[pri:0, instance:sanitySuite.TestCase_2_Special_Characters_Input_Handling@5ca1f591]" started-at="2024-06-20T12:09:56Z" name="tearDown" finished-at="2024-06-20T12:09:57Z" duration-ms="1028" status="PASS">
          <reporter-output>
          </reporter-output>
        </test-method> <!-- tearDown -->
      </class> <!-- sanitySuite.TestCase_2_Special_Characters_Input_Handling -->
    </test> <!-- Default test -->
  </suite> <!-- Default suite -->
</testng-results>
